<?xml version="1.0" encoding="UTF-8"?>
<!-- Generated by org.testng.reporters.JUnitReportReporter -->
<testsuite hostname="VenkataathysMBP.attlocal.net" failures="0" tests="3" name="tests.MainTest" time="21.631" errors="0" timestamp="2023-01-04T19:43:45 EST" skipped="0">
  <testcase classname="tests.MainTest" name="launchGoogle" time="6.934"/>
  <system-out/>
  <testcase classname="tests.MainTest" name="launchFacebook" time="6.359"/>
  <system-out/>
  <testcase classname="tests.MainTest" name="launchWiki" time="8.338"/>
  <system-out/>
</testsuite> <!-- tests.MainTest -->
